\BOOKMARK [1][-]{section.1}{Data-Structures/persistentSegTree.cpp}{}% 1
\BOOKMARK [1][-]{section.2}{Data-Structures/li.chao.cpp}{}% 2
\BOOKMARK [1][-]{section.3}{Data-Structures/seg2d.cpp}{}% 3
\BOOKMARK [1][-]{section.4}{Data-Structures/SegTreeLoppa.cpp}{}% 4
\BOOKMARK [1][-]{section.5}{Data-Structures/minqueue.sum.cpp}{}% 5
\BOOKMARK [1][-]{section.6}{Data-Structures/wavelet.static.cpp}{}% 6
\BOOKMARK [1][-]{section.7}{Data-Structures/fenwickTree.cpp}{}% 7
\BOOKMARK [1][-]{section.8}{Data-Structures/hldEdge.cpp}{}% 8
\BOOKMARK [1][-]{section.9}{Data-Structures/mergeTree.cpp}{}% 9
\BOOKMARK [1][-]{section.10}{Data-Structures/minQueue.cpp}{}% 10
\BOOKMARK [1][-]{section.11}{Data-Structures/segtreeLazy.cpp}{}% 11
\BOOKMARK [1][-]{section.12}{Data-Structures/sqrtDecomposition.cpp}{}% 12
\BOOKMARK [1][-]{section.13}{Data-Structures/orderedSet.cpp}{}% 13
\BOOKMARK [1][-]{section.14}{Data-Structures/wavelet.cpp}{}% 14
\BOOKMARK [1][-]{section.15}{Data-Structures/hldVertex.cpp}{}% 15
\BOOKMARK [1][-]{section.16}{Data-Structures/persistent.seg.dinamic.cpp}{}% 16
\BOOKMARK [1][-]{section.17}{Data-Structures/persistent.treap.cpp}{}% 17
\BOOKMARK [1][-]{section.18}{Data-Structures/treap.cpp}{}% 18
\BOOKMARK [1][-]{section.19}{Data-Structures/bit.build.cpp}{}% 19
\BOOKMARK [1][-]{section.20}{Data-Structures/merge.sort.tree.upd.cpp}{}% 20
\BOOKMARK [1][-]{section.21}{Data-Structures/meldable.heap.cpp}{}% 21
\BOOKMARK [1][-]{section.22}{Data-Structures/implicit.segtree.cpp}{}% 22
\BOOKMARK [1][-]{section.23}{Data-Structures/merge.sort.tree.cpp}{}% 23
\BOOKMARK [1][-]{section.24}{Data-Structures/quad.tree.cpp}{}% 24
\BOOKMARK [1][-]{section.25}{Data-Structures/minqueue.cpp}{}% 25
\BOOKMARK [1][-]{section.26}{Data-Structures/sparse.table.cpp}{}% 26
\BOOKMARK [1][-]{section.27}{Data-Structures/sparseTable.cpp}{}% 27
\BOOKMARK [1][-]{section.28}{Data-Structures/segtree.cpp}{}% 28
\BOOKMARK [1][-]{section.29}{mathextra.tex}{}% 29
\BOOKMARK [1][-]{section.30}{notebook.aux}{}% 30
\BOOKMARK [1][-]{section.31}{Algorithms/subset.sums.cpp}{}% 31
\BOOKMARK [1][-]{section.32}{Algorithms/binSearch.cpp}{}% 32
\BOOKMARK [1][-]{section.33}{Algorithms/bitmasks.cpp}{}% 33
\BOOKMARK [1][-]{section.34}{Algorithms/knapsack.cpp}{}% 34
\BOOKMARK [1][-]{section.35}{Algorithms/convexhulltrick.cpp}{}% 35
\BOOKMARK [1][-]{section.36}{Algorithms/knapsack.01.cpp}{}% 36
\BOOKMARK [1][-]{section.37}{Algorithms/DSU.cpp}{}% 37
\BOOKMARK [1][-]{section.38}{Algorithms/divide.and.conquer.cpp}{}% 38
\BOOKMARK [1][-]{section.39}{Algorithms/ternary.search.cpp}{}% 39
\BOOKMARK [1][-]{section.40}{Algorithms/gauss.jordan.elimination.cpp}{}% 40
\BOOKMARK [1][-]{section.41}{Algorithms/infix.to.postfix.cpp}{}% 41
\BOOKMARK [1][-]{section.42}{Algorithms/date.manipulation.cpp}{}% 42
\BOOKMARK [1][-]{section.43}{Algorithms/knapsack.unbounded.cpp}{}% 43
\BOOKMARK [1][-]{section.44}{Algorithms/kadane.cpp}{}% 44
\BOOKMARK [1][-]{section.45}{Algorithms/Mo.cpp}{}% 45
\BOOKMARK [1][-]{section.46}{Algorithms/knapsack.bitset.cpp}{}% 46
\BOOKMARK [1][-]{section.47}{Algorithms/kadane.2d.cpp}{}% 47
\BOOKMARK [1][-]{section.48}{Algorithms/matrixExpo.cpp}{}% 48
\BOOKMARK [1][-]{section.49}{Algorithms/knapsack.bounded.cpp}{}% 49
\BOOKMARK [1][-]{section.50}{Algorithms/knapsackMITM.cpp}{}% 50
\BOOKMARK [1][-]{section.51}{Algorithms/gale.shapley.cpp}{}% 51
\BOOKMARK [1][-]{section.52}{Algorithms/floyd.cpp}{}% 52
\BOOKMARK [1][-]{section.53}{Algorithms/MeetInTheMiddle.cpp}{}% 53
\BOOKMARK [1][-]{section.54}{notebook.toc}{}% 54
\BOOKMARK [1][-]{section.55}{contents.tex}{}% 55
\BOOKMARK [1][-]{section.56}{contents.txt}{}% 56
\BOOKMARK [1][-]{section.57}{Game-Theory/grundy.cpp}{}% 57
\BOOKMARK [1][-]{section.58}{General/template.cpp}{}% 58
\BOOKMARK [1][-]{section.59}{General/template.java}{}% 59
\BOOKMARK [1][-]{section.60}{Tricks/ConvexHullTrick.cpp}{}% 60
\BOOKMARK [1][-]{section.61}{Tricks/sub.super.masks.cpp}{}% 61
\BOOKMARK [1][-]{section.62}{Tricks/SOSdp.cpp}{}% 62
\BOOKMARK [1][-]{section.63}{Tricks/bitset.extra.cpp}{}% 63
\BOOKMARK [1][-]{section.64}{Tricks/DivideConquer.cpp}{}% 64
\BOOKMARK 