\BOOKMARK [1][-]{section.1}{Game-Theory}{}% 1
\BOOKMARK [2][-]{subsection.1.1}{grundy}{section.1}% 2
\BOOKMARK [1][-]{section.2}{Strings}{}% 3
\BOOKMARK [2][-]{subsection.2.1}{Kmp}{section.2}% 4
\BOOKMARK [2][-]{subsection.2.2}{FiniteStateMachinePrefixFunction}{section.2}% 5
\BOOKMARK [2][-]{subsection.2.3}{SuffixAutomatonbase}{section.2}% 6
\BOOKMARK [2][-]{subsection.2.4}{SuffixAutomatonclass}{section.2}% 7
\BOOKMARK [2][-]{subsection.2.5}{ahocorasick}{section.2}% 8
\BOOKMARK [2][-]{subsection.2.6}{SuffixAutomaton}{section.2}% 9
\BOOKMARK [2][-]{subsection.2.7}{Trie}{section.2}% 10
\BOOKMARK [2][-]{subsection.2.8}{Manacher}{section.2}% 11
\BOOKMARK [2][-]{subsection.2.9}{hash}{section.2}% 12
\BOOKMARK [2][-]{subsection.2.10}{Z}{section.2}% 13
\BOOKMARK [1][-]{section.3}{Tricks}{}% 14
\BOOKMARK [2][-]{subsection.3.1}{bitsetextra}{section.3}% 15
\BOOKMARK [2][-]{subsection.3.2}{subsupermasks}{section.3}% 16
\BOOKMARK [2][-]{subsection.3.3}{ConvexHullTrick1}{section.3}% 17
\BOOKMARK [2][-]{subsection.3.4}{SOSdp}{section.3}% 18
\BOOKMARK [2][-]{subsection.3.5}{MosAlgorithm}{section.3}% 19
\BOOKMARK [2][-]{subsection.3.6}{ConvexHullTrick}{section.3}% 20
\BOOKMARK [2][-]{subsection.3.7}{DivideConquer}{section.3}% 21
\BOOKMARK [1][-]{section.4}{Algorithms}{}% 22
\BOOKMARK [2][-]{subsection.4.1}{subsetsums}{section.4}% 23
\BOOKMARK [2][-]{subsection.4.2}{matrixExpo}{section.4}% 24
\BOOKMARK [2][-]{subsection.4.3}{galeshapley}{section.4}% 25
\BOOKMARK [2][-]{subsection.4.4}{knapsackbitset}{section.4}% 26
\BOOKMARK [2][-]{subsection.4.5}{knapsackMITM}{section.4}% 27
\BOOKMARK [2][-]{subsection.4.6}{bitmasks}{section.4}% 28
\BOOKMARK [2][-]{subsection.4.7}{DSU}{section.4}% 29
\BOOKMARK [2][-]{subsection.4.8}{floyd}{section.4}% 30
\BOOKMARK [2][-]{subsection.4.9}{knapsackunbounded}{section.4}% 31
\BOOKMARK [2][-]{subsection.4.10}{infixtopostfix}{section.4}% 32
\BOOKMARK [2][-]{subsection.4.11}{knapsack}{section.4}% 33
\BOOKMARK [2][-]{subsection.4.12}{kadane2d}{section.4}% 34
\BOOKMARK [2][-]{subsection.4.13}{knapsackbounded}{section.4}% 35
\BOOKMARK [2][-]{subsection.4.14}{knapsack01}{section.4}% 36
\BOOKMARK [2][-]{subsection.4.15}{datemanipulation}{section.4}% 37
\BOOKMARK [2][-]{subsection.4.16}{Mo}{section.4}% 38
\BOOKMARK [2][-]{subsection.4.17}{ternarysearch}{section.4}% 39
\BOOKMARK [2][-]{subsection.4.18}{binSearch}{section.4}% 40
\BOOKMARK [2][-]{subsection.4.19}{divideandconquer}{section.4}% 41
\BOOKMARK [2][-]{subsection.4.20}{MeetInTheMiddle}{section.4}% 42
\BOOKMARK [2][-]{subsection.4.21}{convexhulltrick}{section.4}% 43
\BOOKMARK [2][-]{subsection.4.22}{gaussjordanelimination}{section.4}% 44
\BOOKMARK [2][-]{subsection.4.23}{kadane}{section.4}% 45
\BOOKMARK [1][-]{section.5}{Math}{}% 46
\BOOKMARK [2][-]{subsection.5.1}{crt}{section.5}% 47
\BOOKMARK [2][-]{subsection.5.2}{powertowerdiscretelogarithm}{section.5}% 48
\BOOKMARK [2][-]{subsection.5.3}{chineseremaindertheorem}{section.5}% 49
\BOOKMARK [2][-]{subsection.5.4}{factorization}{section.5}% 50
\BOOKMARK [2][-]{subsection.5.5}{mDividesNfac}{section.5}% 51
\BOOKMARK [2][-]{subsection.5.6}{carmichael}{section.5}% 52
\BOOKMARK [2][-]{subsection.5.7}{pisano}{section.5}% 53
\BOOKMARK [2][-]{subsection.5.8}{gausselim}{section.5}% 54
\BOOKMARK [2][-]{subsection.5.9}{sieve}{section.5}% 55
\BOOKMARK [2][-]{subsection.5.10}{nchoosekmodulom}{section.5}% 56
\BOOKMARK [2][-]{subsection.5.11}{stirling1}{section.5}% 57
\BOOKMARK [2][-]{subsection.5.12}{diophantine}{section.5}% 58
\BOOKMARK [2][-]{subsection.5.13}{ntt}{section.5}% 59
\BOOKMARK [2][-]{subsection.5.14}{prentt}{section.5}% 60
\BOOKMARK [2][-]{subsection.5.15}{nchoosekmodulomcoprime}{section.5}% 61
\BOOKMARK [2][-]{subsection.5.16}{maxDivisorsRange}{section.5}% 62
\BOOKMARK [2][-]{subsection.5.17}{BinExpo}{section.5}% 63
\BOOKMARK [2][-]{subsection.5.18}{pascalTriangle}{section.5}% 64
\BOOKMARK [2][-]{subsection.5.19}{crt}{section.5}% 65
\BOOKMARK [2][-]{subsection.5.20}{fastfibonacci}{section.5}% 66
\BOOKMARK [2][-]{subsection.5.21}{radical}{section.5}% 67
\BOOKMARK [2][-]{subsection.5.22}{discrete}{section.5}% 68
\BOOKMARK [2][-]{subsection.5.23}{discretelog}{section.5}% 69
\BOOKMARK [2][-]{subsection.5.24}{babygiantstep}{section.5}% 70
\BOOKMARK [2][-]{subsection.5.25}{pollardrho}{section.5}% 71
\BOOKMARK [2][-]{subsection.5.26}{linearsieve}{section.5}% 72
\BOOKMARK [2][-]{subsection.5.27}{extendedeuclidean}{section.5}% 73
\BOOKMARK [2][-]{subsection.5.28}{millerrabin}{section.5}% 74
\BOOKMARK [2][-]{subsection.5.29}{linearSieve}{section.5}% 75
\BOOKMARK [2][-]{subsection.5.30}{linearmobius}{section.5}% 76
\BOOKMARK [2][-]{subsection.5.31}{binaryDivisibleByNumber}{section.5}% 77
\BOOKMARK [2][-]{subsection.5.32}{linearphi}{section.5}% 78
\BOOKMARK [2][-]{subsection.5.33}{powertowerfermateuler}{section.5}% 79
\BOOKMARK [2][-]{subsection.5.34}{fastpollardrho}{section.5}% 80
\BOOKMARK [2][-]{subsection.5.35}{choose}{section.5}% 81
\BOOKMARK [2][-]{subsection.5.36}{factorialfactorization}{section.5}% 82
\BOOKMARK [2][-]{subsection.5.37}{fft}{section.5}% 83
\BOOKMARK [2][-]{subsection.5.38}{linearsieveext}{section.5}% 84
\BOOKMARK [2][-]{subsection.5.39}{combinatorics}{section.5}% 85
\BOOKMARK [2][-]{subsection.5.40}{determinant}{section.5}% 86
\BOOKMARK [2][-]{subsection.5.41}{FibbonacciMatrixExpo}{section.5}% 87
\BOOKMARK [2][-]{subsection.5.42}{segmentedSieve}{section.5}% 88
\BOOKMARK [1][-]{section.6}{Data-Structures}{}% 89
\BOOKMARK [2][-]{subsection.6.1}{minQueue}{section.6}% 90
\BOOKMARK [2][-]{subsection.6.2}{SegTreeLoppa}{section.6}% 91
\BOOKMARK [2][-]{subsection.6.3}{mergesorttree}{section.6}% 92
\BOOKMARK [2][-]{subsection.6.4}{bitbuild}{section.6}% 93
\BOOKMARK [2][-]{subsection.6.5}{minqueuesum}{section.6}% 94
\BOOKMARK [2][-]{subsection.6.6}{persistentSegTree}{section.6}% 95
\BOOKMARK [2][-]{subsection.6.7}{hldEdge}{section.6}% 96
\BOOKMARK [2][-]{subsection.6.8}{sqrtDecomposition}{section.6}% 97
\BOOKMARK [2][-]{subsection.6.9}{treap}{section.6}% 98
\BOOKMARK [2][-]{subsection.6.10}{sparseTable}{section.6}% 99
\BOOKMARK [2][-]{subsection.6.11}{hldVertex}{section.6}% 100
\BOOKMARK [2][-]{subsection.6.12}{mergeTree}{section.6}% 101
\BOOKMARK [2][-]{subsection.6.13}{meldableheap}{section.6}% 102
\BOOKMARK [2][-]{subsection.6.14}{fenwickTree}{section.6}% 103
\BOOKMARK [2][-]{subsection.6.15}{implicitsegtree}{section.6}% 104
\BOOKMARK [2][-]{subsection.6.16}{mergesorttreeupd}{section.6}% 105
\BOOKMARK [2][-]{subsection.6.17}{persistentsegdinamic}{section.6}% 106
\BOOKMARK [2][-]{subsection.6.18}{wavelet}{section.6}% 107
\BOOKMARK [2][-]{subsection.6.19}{segtree}{section.6}% 108
\BOOKMARK [2][-]{subsection.6.20}{waveletstatic}{section.6}% 109
\BOOKMARK [2][-]{subsection.6.21}{minqueue}{section.6}% 110
\BOOKMARK [2][-]{subsection.6.22}{lichao}{section.6}% 111
\BOOKMARK [2][-]{subsection.6.23}{quadtree}{section.6}% 112
\BOOKMARK [2][-]{subsection.6.24}{seg2d}{section.6}% 113
\BOOKMARK [2][-]{subsection.6.25}{persistenttreap}{section.6}% 114
\BOOKMARK [2][-]{subsection.6.26}{orderedSet}{section.6}% 115
\BOOKMARK [2][-]{subsection.6.27}{sparsetable}{section.6}% 116
\BOOKMARK [2][-]{subsection.6.28}{segtreeLazy}{section.6}% 117
\BOOKMARK [1][-]{section.7}{Geometry}{}% 118
\BOOKMARK [2][-]{subsection.7.1}{3dpoint}{section.7}% 119
\BOOKMARK [2][-]{subsection.7.2}{convexhull}{section.7}% 120
\BOOKMARK [2][-]{subsection.7.3}{geometry}{section.7}% 121
\BOOKMARK [2][-]{subsection.7.4}{circle}{section.7}% 122
\BOOKMARK [2][-]{subsection.7.5}{basic}{section.7}% 123
\BOOKMARK [2][-]{subsection.7.6}{geometryT}{section.7}% 124
\BOOKMARK [2][-]{subsection.7.7}{shoelace}{section.7}% 125
\BOOKMARK [2][-]{subsection.7.8}{grahamscan}{section.7}% 126
\BOOKMARK [2][-]{subsection.7.9}{point}{section.7}% 127
\BOOKMARK [1][-]{section.8}{Graphs}{}% 128
\BOOKMARK [2][-]{subsection.8.1}{hierholzer}{section.8}% 129
\BOOKMARK [2][-]{subsection.8.2}{scc}{section.8}% 130
\BOOKMARK [2][-]{subsection.8.3}{dijkstra}{section.8}% 131
\BOOKMARK [2][-]{subsection.8.4}{EdmonsKarp}{section.8}% 132
